<?xml version="1.0" encoding="UTF-8"?>
<!-- Generated by org.testng.reporters.JUnitXMLReporter -->
<testsuite ignored="0" hostname="Vallabh" failures="2" tests="2" name="Test" time="0.152" errors="0" timestamp="11 Mar 2022 10:17:18 GMT">
  <testcase classname="com.vallabh.GrowwmfTest" name="mutualFundsTest" time="0.101">
    <failure type="java.lang.NullPointerException" message="Cannot invoke &amp;quot;org.openqa.selenium.SearchContext.findElement(org.openqa.selenium.By)&amp;quot; because &amp;quot;this.searchContext&amp;quot; is null">
      <![CDATA[java.lang.NullPointerException: Cannot invoke "org.openqa.selenium.SearchContext.findElement(org.openqa.selenium.By)" because "this.searchContext" is null
at org.openqa.selenium.support.pagefactory.DefaultElementLocator.findElement(DefaultElementLocator.java:69)
at org.openqa.selenium.support.pagefactory.internal.LocatingElementHandler.invoke(LocatingElementHandler.java:38)
at jdk.proxy2/jdk.proxy2.$Proxy11.click(Unknown Source)
at pom.GrowwFunctionsMutualFunds.start(GrowwFunctionsMutualFunds.java:42)
at com.vallabh.GrowwmfTest.mutualFundsTest(GrowwmfTest.java:23)
... Removed 25 stack frames]]>
    </failure>
  </testcase> <!-- mutualFundsTest -->
  <testcase classname="com.vallabh.GrowwmfTest" name="mutualFundsTest2" time="0.004">
    <failure type="java.lang.NullPointerException" message="Cannot invoke &amp;quot;org.openqa.selenium.SearchContext.findElement(org.openqa.selenium.By)&amp;quot; because &amp;quot;this.searchContext&amp;quot; is null">
      <![CDATA[java.lang.NullPointerException: Cannot invoke "org.openqa.selenium.SearchContext.findElement(org.openqa.selenium.By)" because "this.searchContext" is null
at org.openqa.selenium.support.pagefactory.DefaultElementLocator.findElement(DefaultElementLocator.java:69)
at org.openqa.selenium.support.pagefactory.internal.LocatingElementHandler.invoke(LocatingElementHandler.java:38)
at jdk.proxy2/jdk.proxy2.$Proxy11.click(Unknown Source)
at pom.GrowwFunctionsMutualFunds.start(GrowwFunctionsMutualFunds.java:42)
at com.vallabh.GrowwmfTest.mutualFundsTest2(GrowwmfTest.java:28)
... Removed 25 stack frames]]>
    </failure>
  </testcase> <!-- mutualFundsTest2 -->
</testsuite> <!-- Test -->
